\BOOKMARK [0][-]{chapter.1}{\376\377\000R\000e\000s\000u\000m\000e\000n\000\040\000E\000j\000e\000c\000u\000t\000i\000v\000o}{}% 1
\BOOKMARK [1][-]{section.1.1}{\376\377\000T\000e\000s\000i\000s\000\040\000d\000e\000\040\000I\000n\000v\000e\000r\000s\000i\000\363\000n}{chapter.1}% 2
\BOOKMARK [1][-]{section.1.2}{\376\377\000H\000a\000l\000l\000a\000z\000g\000o\000s\000\040\000P\000r\000i\000n\000c\000i\000p\000a\000l\000e\000s}{chapter.1}% 3
\BOOKMARK [1][-]{section.1.3}{\376\377\000R\000e\000c\000o\000m\000e\000n\000d\000a\000c\000i\000o\000n\000e\000s\000\040\000E\000s\000t\000r\000a\000t\000\351\000g\000i\000c\000a\000s}{chapter.1}% 4
\BOOKMARK [0][-]{chapter.2}{\376\377\000P\000a\000n\000o\000r\000a\000m\000a\000\040\000d\000e\000l\000\040\000M\000e\000r\000c\000a\000d\000o\000\040\000M\000i\000n\000e\000r\000o}{}% 5
\BOOKMARK [1][-]{section.2.1}{\376\377\000D\000e\000f\000i\000n\000i\000c\000i\000\363\000n\000\040\000y\000\040\000A\000l\000c\000a\000n\000c\000e}{chapter.2}% 6
\BOOKMARK [2][-]{subsection.2.1.1}{\376\377\000E\000c\000o\000s\000i\000s\000t\000e\000m\000a\000\040\000d\000e\000\040\000l\000a\000\040\000I\000n\000d\000u\000s\000t\000r\000i\000a}{section.2.1}% 7
\BOOKMARK [1][-]{section.2.2}{\376\377\000T\000a\000m\000a\000\361\000o\000\040\000y\000\040\000C\000r\000e\000c\000i\000m\000i\000e\000n\000t\000o\000\040\000d\000e\000l\000\040\000M\000e\000r\000c\000a\000d\000o}{chapter.2}% 8
\BOOKMARK [2][-]{subsection.2.2.1}{\376\377\000T\000A\000M\000\040\000/\000\040\000S\000A\000M\000\040\000/\000\040\000S\000O\000M}{section.2.2}% 9
\BOOKMARK [2][-]{subsection.2.2.2}{\376\377\000A\000n\000\341\000l\000i\000s\000i\000s\000\040\000R\000e\000g\000i\000o\000n\000a\000l\000\040\000d\000e\000\040\000I\000n\000v\000e\000r\000s\000i\000\363\000n\000\040\000M\000i\000n\000e\000r\000a}{section.2.2}% 10
\BOOKMARK [0][-]{chapter.3}{\376\377\000P\000r\000o\000y\000e\000c\000c\000i\000o\000n\000e\000s\000\040\000d\000e\000\040\000D\000e\000m\000a\000n\000d\000a\000\040\000d\000e\000\040\000M\000i\000n\000e\000r\000a\000l\000e\000s\000\040\000a\000\040\0005\000\040\000A\000\361\000o\000s}{}% 11
\BOOKMARK [1][-]{section.3.1}{\376\377\000P\000r\000o\000y\000e\000c\000c\000i\000\363\000n\000\040\000d\000e\000\040\000D\000e\000m\000a\000n\000d\000a\000\040\000d\000e\000\040\000C\000o\000b\000r\000e}{chapter.3}% 12
\BOOKMARK [1][-]{section.3.2}{\376\377\000E\000s\000c\000e\000n\000a\000r\000i\000o\000s\000\040\000d\000e\000\040\000P\000r\000e\000c\000i\000o\000\040\000d\000e\000l\000\040\000C\000o\000b\000r\000e}{chapter.3}% 13
\BOOKMARK [1][-]{section.3.3}{\376\377\000I\000m\000p\000l\000i\000c\000a\000c\000i\000o\000n\000e\000s\000\040\000p\000a\000r\000a\000\040\000C\000o\000n\000s\000u\000l\000t\000o\000r\000\355\000a\000\040\000d\000e\000\040\000I\000n\000g\000e\000n\000i\000e\000r\000\355\000a}{chapter.3}% 14
\BOOKMARK [0][-]{chapter.4}{\376\377\000D\000r\000i\000v\000e\000r\000s\000,\000\040\000T\000e\000n\000d\000e\000n\000c\000i\000a\000s\000\040\000y\000\040\000A\000n\000\341\000l\000i\000s\000i\000s\000\040\000P\000E\000S\000T\000L\000E}{}% 15
\BOOKMARK [1][-]{section.4.1}{\376\377\000D\000r\000i\000v\000e\000r\000s\000\040\000P\000r\000i\000m\000a\000r\000i\000o\000s\000\040\000d\000e\000\040\000C\000r\000e\000c\000i\000m\000i\000e\000n\000t\000o}{chapter.4}% 16
\BOOKMARK [2][-]{subsection.4.1.1}{\376\377\000T\000r\000a\000n\000s\000i\000c\000i\000\363\000n\000\040\000E\000n\000e\000r\000g\000\351\000t\000i\000c\000a\000\040\000y\000\040\000E\000l\000e\000c\000t\000r\000i\000f\000i\000c\000a\000c\000i\000\363\000n}{section.4.1}% 17
\BOOKMARK [2][-]{subsection.4.1.2}{\376\377\000I\000n\000v\000e\000r\000s\000i\000\363\000n\000\040\000e\000n\000\040\000S\000e\000g\000u\000r\000i\000d\000a\000d\000\040\000d\000e\000\040\000S\000u\000m\000i\000n\000i\000s\000t\000r\000o}{section.4.1}% 18
\BOOKMARK [2][-]{subsection.4.1.3}{\376\377\000D\000i\000g\000i\000t\000a\000l\000i\000z\000a\000c\000i\000\363\000n\000\040\000d\000e\000\040\000O\000p\000e\000r\000a\000c\000i\000o\000n\000e\000s\000\040\000M\000i\000n\000e\000r\000a\000s}{section.4.1}% 19
\BOOKMARK [2][-]{subsection.4.1.4}{\376\377\000C\000o\000m\000p\000l\000e\000j\000i\000d\000a\000d\000\040\000R\000e\000g\000u\000l\000a\000t\000o\000r\000i\000a\000\040\000y\000\040\000E\000S\000G}{section.4.1}% 20
\BOOKMARK [1][-]{section.4.2}{\376\377\000A\000n\000\341\000l\000i\000s\000i\000s\000\040\000P\000E\000S\000T\000L\000E}{chapter.4}% 21
\BOOKMARK [1][-]{section.4.3}{\376\377\000T\000e\000n\000d\000e\000n\000c\000i\000a\000s\000\040\000E\000m\000e\000r\000g\000e\000n\000t\000e\000s}{chapter.4}% 22
\BOOKMARK [0][-]{chapter.5}{\376\377\000P\000a\000i\000s\000a\000j\000e\000\040\000C\000o\000m\000p\000e\000t\000i\000t\000i\000v\000o}{}% 23
\BOOKMARK [1][-]{section.5.1}{\376\377\000A\000n\000\341\000l\000i\000s\000i\000s\000\040\000d\000e\000\040\000E\000s\000t\000r\000u\000c\000t\000u\000r\000a\000\040\000d\000e\000\040\000M\000e\000r\000c\000a\000d\000o}{chapter.5}% 24
\BOOKMARK [1][-]{section.5.2}{\376\377\000M\000a\000p\000e\000o\000\040\000y\000\040\000C\000o\000m\000p\000a\000r\000a\000c\000i\000\363\000n\000\040\000d\000e\000\040\000C\000o\000m\000p\000e\000t\000i\000d\000o\000r\000e\000s\000\040\000C\000l\000a\000v\000e}{chapter.5}% 25
\BOOKMARK [1][-]{section.5.3}{\376\377\000M\000a\000t\000r\000i\000z\000\040\000d\000e\000\040\000P\000o\000s\000i\000c\000i\000o\000n\000a\000m\000i\000e\000n\000t\000o\000\040\000C\000o\000m\000p\000e\000t\000i\000t\000i\000v\000o}{chapter.5}% 26
\BOOKMARK [0][-]{chapter.6}{\376\377\000A\000n\000\341\000l\000i\000s\000i\000s\000\040\000d\000e\000l\000\040\000C\000l\000i\000e\000n\000t\000e\000\040\000y\000\040\000S\000e\000g\000m\000e\000n\000t\000a\000c\000i\000\363\000n}{}% 27
\BOOKMARK [1][-]{section.6.1}{\376\377\000S\000e\000g\000m\000e\000n\000t\000a\000c\000i\000\363\000n\000\040\000d\000e\000\040\000C\000l\000i\000e\000n\000t\000e\000s\000\040\000O\000p\000e\000r\000a\000d\000o\000r\000e\000s}{chapter.6}% 28
\BOOKMARK [1][-]{section.6.2}{\376\377\000P\000r\000o\000p\000u\000e\000s\000t\000a\000\040\000d\000e\000\040\000V\000a\000l\000o\000r\000\040\000d\000e\000\040\000R\000E\000D\000C\000O\000\040\000p\000o\000r\000\040\000S\000e\000g\000m\000e\000n\000t\000o}{chapter.6}% 29
\BOOKMARK [0][-]{chapter.7}{\376\377\000E\000n\000t\000o\000r\000n\000o\000\040\000d\000e\000\040\000T\000e\000c\000n\000o\000l\000o\000g\000\355\000a\000\040\000e\000\040\000I\000n\000n\000o\000v\000a\000c\000i\000\363\000n}{}% 30
\BOOKMARK [1][-]{section.7.1}{\376\377\000T\000e\000c\000n\000o\000l\000o\000g\000\355\000a\000s\000\040\000D\000i\000s\000r\000u\000p\000t\000i\000v\000a\000s\000\040\000e\000n\000\040\000M\000i\000n\000e\000r\000\355\000a}{chapter.7}% 31
\BOOKMARK [1][-]{section.7.2}{\376\377\000I\000m\000p\000l\000i\000c\000a\000c\000i\000o\000n\000e\000s\000\040\000p\000a\000r\000a\000\040\000R\000E\000D\000C\000O}{chapter.7}% 32
\BOOKMARK [0][-]{chapter.8}{\376\377\000E\000n\000t\000o\000r\000n\000o\000\040\000R\000e\000g\000u\000l\000a\000t\000o\000r\000i\000o\000\040\000y\000\040\000d\000e\000\040\000P\000o\000l\000\355\000t\000i\000c\000a\000s}{}% 33
\BOOKMARK [1][-]{section.8.1}{\376\377\000R\000e\000g\000u\000l\000a\000c\000i\000o\000n\000e\000s\000\040\000C\000l\000a\000v\000e\000\040\000p\000o\000r\000\040\000G\000e\000o\000g\000r\000a\000f\000\355\000a}{chapter.8}% 34
\BOOKMARK [1][-]{section.8.2}{\376\377\000C\000u\000m\000p\000l\000i\000m\000i\000e\000n\000t\000o\000\040\000y\000\040\000O\000p\000o\000r\000t\000u\000n\000i\000d\000a\000d\000\040\000e\000n\000\040\000P\000e\000r\000m\000i\000t\000t\000i\000n\000g}{chapter.8}% 35
\BOOKMARK [0][-]{chapter.9}{\376\377\000A\000n\000\341\000l\000i\000s\000i\000s\000\040\000d\000e\000\040\000R\000i\000e\000s\000g\000o}{}% 36
\BOOKMARK [1][-]{section.9.1}{\376\377\000I\000d\000e\000n\000t\000i\000f\000i\000c\000a\000c\000i\000\363\000n\000\040\000y\000\040\000M\000i\000t\000i\000g\000a\000c\000i\000\363\000n\000\040\000d\000e\000\040\000R\000i\000e\000s\000g\000o\000s\000\040\000S\000i\000s\000t\000\351\000m\000i\000c\000o\000s}{chapter.9}% 37
\BOOKMARK [0][-]{chapter.10}{\376\377\000O\000p\000o\000r\000t\000u\000n\000i\000d\000a\000d\000e\000s\000\040\000y\000\040\000R\000e\000c\000o\000m\000e\000n\000d\000a\000c\000i\000o\000n\000e\000s\000\040\000E\000s\000t\000r\000a\000t\000\351\000g\000i\000c\000a\000s}{}% 38
\BOOKMARK [1][-]{section.10.1}{\376\377\000I\000d\000e\000n\000t\000i\000f\000i\000c\000a\000c\000i\000\363\000n\000\040\000d\000e\000\040\000O\000p\000o\000r\000t\000u\000n\000i\000d\000a\000d\000e\000s\000\040\000d\000e\000\040\000A\000l\000t\000o\000\040\000I\000m\000p\000a\000c\000t\000o}{chapter.10}% 39
\BOOKMARK [1][-]{section.10.2}{\376\377\000M\000a\000r\000c\000o\000\040\000d\000e\000\040\000D\000e\000c\000i\000s\000i\000\363\000n\000:\000\040\000B\000i\000d\000/\000N\000o\000-\000B\000i\000d\000\040\000F\000o\000r\000u\000m}{chapter.10}% 40
\BOOKMARK [0][-]{chapter.11}{\376\377\000H\000o\000j\000a\000\040\000d\000e\000\040\000R\000u\000t\000a\000\040\000d\000e\000\040\000I\000m\000p\000l\000e\000m\000e\000n\000t\000a\000c\000i\000\363\000n}{}% 41
\BOOKMARK [1][-]{section.11.1}{\376\377\000F\000a\000s\000e\000s\000\040\000d\000e\000\040\000D\000e\000s\000a\000r\000r\000o\000l\000l\000o\000\040\000E\000s\000t\000r\000a\000t\000\351\000g\000i\000c\000o\000\040\000\050\0002\0000\0002\0006\040\023\0002\0000\0003\0001\000\051}{chapter.11}% 42
\BOOKMARK [2][-]{subsection.11.1.1}{\376\377\000F\000a\000s\000e\000\040\0001\000:\000\040\000E\000s\000t\000a\000b\000i\000l\000i\000z\000a\000c\000i\000\363\000n\000\040\000O\000p\000e\000r\000a\000t\000i\000v\000a\000\040\000y\000\040\000M\000i\000t\000i\000g\000a\000c\000i\000\363\000n\000\040\000R\000u\000s\000i\000a\000\040\000\050\000M\000e\000s\000\040\0001\000\040\000-\000\040\0001\0002\000\051}{section.11.1}% 43
\BOOKMARK [2][-]{subsection.11.1.2}{\376\377\000F\000a\000s\000e\000\040\0002\000:\000\040\000E\000x\000p\000a\000n\000s\000i\000\363\000n\000\040\000G\000e\000o\000g\000r\000\341\000f\000i\000c\000a\000\040\000L\000A\000T\000A\000M\000\040\000y\000\040\000D\000i\000g\000i\000t\000a\000l\000i\000z\000a\000c\000i\000\363\000n\000\040\000\050\000M\000e\000s\000\040\0001\0003\000\040\000-\000\040\0003\0006\000\051}{section.11.1}% 44
\BOOKMARK [2][-]{subsection.11.1.3}{\376\377\000F\000a\000s\000e\000\040\0003\000:\000\040\000I\000n\000t\000e\000r\000n\000a\000c\000i\000o\000n\000a\000l\000i\000z\000a\000c\000i\000\363\000n\000\040\000E\000E\000.\000U\000U\000.\000\040\000y\000\040\000C\000o\000n\000s\000o\000l\000i\000d\000a\000c\000i\000\363\000n\000\040\000\050\000M\000e\000s\000\040\0003\0007\000\040\000-\000\040\0006\0000\000\051}{section.11.1}% 45
\BOOKMARK [0][-]{chapter.12}{\376\377\000T\000e\000s\000i\000s\000\040\000d\000e\000\040\000I\000n\000v\000e\000r\000s\000i\000\363\000n\000\040\000y\000\040\000P\000r\000o\000y\000e\000c\000c\000i\000o\000n\000e\000s\000\040\000F\000i\000n\000a\000n\000c\000i\000e\000r\000a\000s}{}% 46
\BOOKMARK [1][-]{section.12.1}{\376\377\000A\000n\000\341\000l\000i\000s\000i\000s\000\040\000d\000e\000\040\000E\000s\000c\000e\000n\000a\000r\000i\000o\000s\000\040\000F\000i\000n\000a\000n\000c\000i\000e\000r\000o\000s}{chapter.12}% 47
\BOOKMARK [1][-]{section.12.2}{\376\377\000C\000o\000n\000c\000l\000u\000s\000i\000\363\000n\000\040\000y\000\040\000T\000e\000s\000i\000s\000\040\000d\000e\000\040\000V\000a\000l\000o\000r}{chapter.12}% 48
\BOOKMARK [0][-]{appendix.A}{\376\377\000M\000e\000t\000o\000d\000o\000l\000o\000g\000\355\000a\000\040\000e\000\040\000I\000n\000g\000e\000s\000t\000a\000\040\000d\000e\000\040\000D\000a\000t\000o\000s}{}% 49
\BOOKMARK [1][-]{section.A.1}{\376\377\000M\000e\000t\000o\000d\000o\000l\000o\000g\000\355\000a\000\040\000d\000e\000\040\000A\000n\000\341\000l\000i\000s\000i\000s}{appendix.A}% 50
\BOOKMARK [1][-]{section.A.2}{\376\377\000F\000u\000e\000n\000t\000e\000s\000\040\000d\000e\000\040\000I\000n\000f\000o\000r\000m\000a\000c\000i\000\363\000n\000\040\000d\000e\000\040\000T\000e\000r\000c\000e\000r\000o\000s}{appendix.A}% 51
