\BOOKMARK [0][-]{chapter.1}{\376\377\000R\000e\000s\000u\000m\000e\000n\000\040\000E\000j\000e\000c\000u\000t\000i\000v\000o}{}% 1
\BOOKMARK [1][-]{section.1.1}{\376\377\000H\000a\000l\000l\000a\000z\000g\000o\000s\000\040\000c\000l\000a\000v\000e}{chapter.1}% 2
\BOOKMARK [1][-]{section.1.2}{\376\377\000R\000e\000c\000o\000m\000e\000n\000d\000a\000c\000i\000o\000n\000e\000s\000\040\000e\000s\000t\000r\000a\000t\000\351\000g\000i\000c\000a\000s\000\040\000p\000r\000i\000o\000r\000i\000t\000a\000r\000i\000a\000s}{chapter.1}% 3
\BOOKMARK [0][-]{chapter.2}{\376\377\000D\000e\000f\000i\000n\000i\000c\000i\000\363\000n\000\040\000d\000e\000\040\000M\000e\000r\000c\000a\000d\000o\000,\000\040\000A\000l\000c\000a\000n\000c\000e\000\040\000y\000\040\000C\000a\000d\000e\000n\000a\000\040\000d\000e\000\040\000V\000a\000l\000o\000r}{}% 4
\BOOKMARK [1][-]{section.2.1}{\376\377\000D\000i\000m\000e\000n\000s\000i\000o\000n\000a\000m\000i\000e\000n\000t\000o\000\040\000d\000e\000l\000\040\000f\000e\000e\000\040\000p\000o\000o\000l}{chapter.2}% 5
\BOOKMARK [1][-]{section.2.2}{\376\377\000C\000a\000d\000e\000n\000a\000\040\000d\000e\000\040\000v\000a\000l\000o\000r\000\040\000d\000e\000l\000\040\000s\000e\000r\000v\000i\000c\000i\000o}{chapter.2}% 6
\BOOKMARK [1][-]{section.2.3}{\376\377\000E\000c\000o\000s\000i\000s\000t\000e\000m\000a\000\040\000y\000\040\000f\000r\000o\000n\000t\000e\000r\000a\000s\000\040\000d\000e\000l\000\040\000m\000e\000r\000c\000a\000d\000o}{chapter.2}% 7
\BOOKMARK [0][-]{chapter.3}{\376\377\000E\000j\000e\000\040\000A\000\040\040\024\000\040\000A\000l\000c\000a\000n\000c\000e\000\040\000G\000e\000o\000g\000r\000\341\000f\000i\000c\000o}{}% 8
\BOOKMARK [1][-]{section.3.1}{\376\377\000R\000a\000d\000a\000r\000e\000s\000\040\000c\000o\000m\000p\000a\000r\000a\000t\000i\000v\000o\000s\000\040\000d\000e\000\040\000m\000e\000r\000c\000a\000d\000o}{chapter.3}% 9
\BOOKMARK [1][-]{section.3.2}{\376\377\000M\000a\000t\000r\000i\000z\000\040\000c\000o\000m\000p\000a\000r\000a\000t\000i\000v\000a\000\040\000d\000e\000\040\000m\000e\000r\000c\000a\000d\000o\000s}{chapter.3}% 10
\BOOKMARK [1][-]{section.3.3}{\376\377\000P\000i\000p\000e\000l\000i\000n\000e\000\040\000d\000e\000\040\000C\000A\000P\000E\000X\000\040\000p\000o\000r\000\040\000m\000e\000r\000c\000a\000d\000o}{chapter.3}% 11
\BOOKMARK [1][-]{section.3.4}{\376\377\000C\000o\000n\000c\000e\000n\000t\000r\000a\000c\000i\000\363\000n\000\040\000g\000e\000o\000g\000r\000\341\000f\000i\000c\000a\000\040\000d\000e\000\040\000l\000a\000\040\000p\000r\000e\000s\000i\000\363\000n\000\040\000d\000e\000\040\000d\000e\000m\000a\000n\000d\000a}{chapter.3}% 12
\BOOKMARK [0][-]{chapter.4}{\376\377\000E\000j\000e\000\040\000B\000\040\040\024\000\040\000P\000r\000o\000y\000e\000c\000c\000i\000\363\000n\000\040\000d\000e\000\040\000D\000e\000m\000a\000n\000d\000a\000\040\000d\000e\000\040\000M\000i\000n\000e\000r\000a\000l\000e\000s\000\040\000a\000l\000\040\0002\0000\0003\0000}{}% 13
\BOOKMARK [1][-]{section.4.1}{\376\377\000T\000a\000b\000l\000a\000\040\000m\000a\000e\000s\000t\000r\000a\000\040\000d\000e\000\040\000p\000r\000o\000y\000e\000c\000c\000i\000\363\000n\000\040\000\050\000e\000s\000c\000e\000n\000a\000r\000i\000o\000\040\000b\000a\000s\000e\000\051}{chapter.4}% 14
\BOOKMARK [1][-]{section.4.2}{\376\377\000T\000r\000a\000y\000e\000c\000t\000o\000r\000i\000a\000\040\000i\000n\000d\000e\000x\000a\000d\000a\000\040\000d\000e\000\040\000d\000e\000m\000a\000n\000d\000a}{chapter.4}% 15
\BOOKMARK [1][-]{section.4.3}{\376\377\000C\000o\000m\000p\000a\000r\000a\000c\000i\000\363\000n\000\040\000d\000e\000\040\000v\000o\000l\000\372\000m\000e\000n\000e\000s\000\040\000p\000o\000r\000\040\000m\000i\000n\000e\000r\000a\000l}{chapter.4}% 16
\BOOKMARK [0][-]{chapter.5}{\376\377\000E\000j\000e\000\040\000C\000\040\040\024\000\040\000T\000r\000a\000c\000c\000i\000\363\000n\000\040\000d\000e\000\040\000l\000a\000\040\000D\000e\000m\000a\000n\000d\000a}{}% 17
\BOOKMARK [1][-]{section.5.1}{\376\377\000M\000a\000p\000a\000\040\000d\000e\000\040\000t\000r\000a\000c\000c\000i\000\363\000n\000:\000\040\000t\000e\000c\000n\000o\000l\000o\000g\000\355\000a\000s\000\040\000\040\000m\000i\000n\000e\000r\000a\000l\000e\000s\000\040\000\040\000g\000e\000o\000g\000r\000a\000f\000\355\000a}{chapter.5}% 18
\BOOKMARK [1][-]{section.5.2}{\376\377\000M\000a\000t\000r\000i\000z\000\040\000d\000e\000\040\000t\000r\000a\000c\000c\000i\000\363\000n\000\040\000t\000e\000c\000n\000o\000l\000o\000g\000\355\000a\000\040\000\040\000m\000i\000n\000e\000r\000a\000l}{chapter.5}% 19
\BOOKMARK [1][-]{section.5.3}{\376\377\000C\000u\000a\000n\000t\000i\000f\000i\000c\000a\000c\000i\000\363\000n\000\040\000d\000e\000\040\000l\000a\000\040\000t\000r\000a\000c\000c\000i\000\363\000n}{chapter.5}% 20
\BOOKMARK [0][-]{chapter.6}{\376\377\000D\000e\000s\000c\000o\000m\000p\000o\000s\000i\000c\000i\000\363\000n\000\040\000d\000e\000\040\000l\000o\000s\000\040\000S\000e\000r\000v\000i\000c\000i\000o\000s\000\040\000D\000e\000m\000a\000n\000d\000a\000d\000o\000s}{}% 21
\BOOKMARK [1][-]{section.6.1}{\376\377\000T\000r\000e\000e\000\040\000m\000a\000p\000\040\000d\000e\000\040\000d\000e\000s\000c\000o\000m\000p\000o\000s\000i\000c\000i\000\363\000n\000\040\000d\000e\000l\000\040\000f\000e\000e\000\040\000p\000o\000o\000l}{chapter.6}% 22
\BOOKMARK [1][-]{section.6.2}{\376\377\000E\000P\000C\000M\000\040\000v\000s\000.\000\040\000C\000o\000n\000c\000e\000p\000t\000u\000a\000l\000\040\000v\000s\000.\000\040\000D\000e\000t\000a\000l\000l\000e\000:\000\040\000c\000o\000m\000p\000a\000r\000a\000c\000i\000\363\000n\000\040\000e\000s\000t\000r\000u\000c\000t\000u\000r\000a\000l}{chapter.6}% 23
\BOOKMARK [0][-]{chapter.7}{\376\377\000E\000j\000e\000\040\000D\000\040\040\024\000\040\000R\000i\000e\000s\000g\000o\000s\000\040\000S\000i\000s\000t\000\351\000m\000i\000c\000o\000s\000\040\000y\000\040\000M\000i\000t\000i\000g\000a\000c\000i\000\363\000n}{}% 24
\BOOKMARK [1][-]{section.7.1}{\376\377\000R\000e\000g\000i\000s\000t\000r\000o\000\040\000d\000e\000\040\000r\000i\000e\000s\000g\000o\000s}{chapter.7}% 25
\BOOKMARK [1][-]{section.7.2}{\376\377\000D\000i\000s\000t\000r\000i\000b\000u\000c\000i\000\363\000n\000\040\000d\000e\000\040\000f\000r\000e\000c\000u\000e\000n\000c\000i\000a\000\040\000d\000e\000\040\000r\000i\000e\000s\000g\000o\000s}{chapter.7}% 26
\BOOKMARK [1][-]{section.7.3}{\376\377\000M\000a\000p\000a\000\040\000d\000e\000\040\000c\000a\000l\000o\000r\000\040\000d\000e\000\040\000r\000i\000e\000s\000g\000o\000s\000\040\000\050\000P\000r\000o\000b\000a\000b\000i\000l\000i\000d\000a\000d\000\040\000x\000\040\000I\000m\000p\000a\000c\000t\000o\000\051}{chapter.7}% 27
\BOOKMARK [0][-]{chapter.8}{\376\377\000E\000j\000e\000\040\000E\000\040\040\024\000\040\000P\000r\000o\000y\000e\000c\000c\000i\000o\000n\000e\000s\000\040\000F\000i\000n\000a\000n\000c\000i\000e\000r\000a\000s\000\040\000y\000\040\000S\000e\000n\000s\000i\000b\000i\000l\000i\000d\000a\000d}{}% 28
\BOOKMARK [1][-]{section.8.1}{\376\377\000M\000o\000d\000e\000l\000o\000\040\000d\000e\000\040\000v\000a\000l\000o\000r\000a\000c\000i\000\363\000n\000\040\000d\000e\000l\000\040\000m\000e\000r\000c\000a\000d\000o\000\040\000d\000e\000\040\000s\000e\000r\000v\000i\000c\000i\000o\000s}{chapter.8}% 29
\BOOKMARK [1][-]{section.8.2}{\376\377\000D\000e\000f\000i\000n\000i\000c\000i\000\363\000n\000\040\000d\000e\000\040\000e\000s\000c\000e\000n\000a\000r\000i\000o\000s}{chapter.8}% 30
\BOOKMARK [1][-]{section.8.3}{\376\377\000P\000r\000o\000y\000e\000c\000c\000i\000\363\000n\000\040\000d\000e\000l\000\040\000v\000a\000l\000o\000r\000\040\000d\000e\000\040\000m\000e\000r\000c\000a\000d\000o\000\040\000p\000o\000r\000\040\000e\000s\000c\000e\000n\000a\000r\000i\000o}{chapter.8}% 31
\BOOKMARK [1][-]{section.8.4}{\376\377\000A\000n\000\341\000l\000i\000s\000i\000s\000\040\000d\000e\000\040\000s\000e\000n\000s\000i\000b\000i\000l\000i\000d\000a\000d\000\040\000\050\000t\000o\000r\000n\000a\000d\000o\000\051}{chapter.8}% 32
\BOOKMARK [1][-]{section.8.5}{\376\377\000C\000o\000r\000r\000e\000l\000a\000c\000i\000\363\000n\000:\000\040\000l\000e\000y\000\040\000d\000e\000l\000\040\000m\000i\000n\000e\000r\000a\000l\000\040\000v\000s\000.\000\040\000C\000A\000P\000E\000X\000\040\000d\000e\000\040\000i\000n\000g\000e\000n\000i\000e\000r\000\355\000a}{chapter.8}% 33
\BOOKMARK [0][-]{chapter.9}{\376\377\000S\000\355\000n\000t\000e\000s\000i\000s\000\040\000E\000s\000t\000r\000a\000t\000\351\000g\000i\000c\000a\000\040\000y\000\040\000R\000e\000c\000o\000m\000e\000n\000d\000a\000c\000i\000o\000n\000e\000s}{}% 34
\BOOKMARK [1][-]{section.9.1}{\376\377\000M\000a\000t\000r\000i\000z\000\040\000d\000e\000\040\000p\000r\000i\000o\000r\000i\000z\000a\000c\000i\000\363\000n\000\040\000\050\000a\000t\000r\000a\000c\000t\000i\000v\000o\000\040\000\040\000c\000a\000p\000a\000c\000i\000d\000a\000d\000\040\000d\000e\000\040\000g\000a\000n\000a\000r\000\051}{chapter.9}% 35
\BOOKMARK [1][-]{section.9.2}{\376\377\000H\000o\000j\000a\000\040\000d\000e\000\040\000r\000u\000t\000a\000\040\0002\0000\0002\0006\040\023\0002\0000\0003\0000}{chapter.9}% 36
\BOOKMARK [1][-]{section.9.3}{\376\377\000R\000e\000c\000o\000m\000e\000n\000d\000a\000c\000i\000o\000n\000e\000s\000\040\000f\000i\000n\000a\000l\000e\000s}{chapter.9}% 37
\BOOKMARK [0][-]{appendix.A}{\376\377\000M\000e\000t\000o\000d\000o\000l\000o\000g\000\355\000a\000,\000\040\000V\000a\000r\000i\000a\000b\000l\000e\000s\000\040\000y\000\040\000F\000u\000e\000n\000t\000e\000s}{}% 38
\BOOKMARK [1][-]{section.A.1}{\376\377\000R\000e\000g\000i\000s\000t\000r\000o\000\040\000d\000e\000\040\000v\000e\000r\000i\000f\000i\000c\000a\000c\000i\000\363\000n\000\040\000\050\000j\000u\000n\000i\000o\000\040\0002\0000\0002\0006\000\051}{appendix.A}% 39
\BOOKMARK [0][-]{appendix.B}{\376\377\000T\000a\000b\000l\000a\000s\000\040\000d\000e\000\040\000D\000a\000t\000o\000s\000\040\000D\000e\000t\000a\000l\000l\000a\000d\000a\000s}{}% 40
\BOOKMARK [1][-]{section.B.1}{\376\377\000D\000e\000m\000a\000n\000d\000a\000\040\000p\000o\000r\000\040\000m\000i\000n\000e\000r\000a\000l\000\040\000y\000\040\000e\000s\000c\000e\000n\000a\000r\000i\000o\000\040\000\050\0002\0000\0003\0000\000\051}{appendix.B}% 41
\BOOKMARK [1][-]{section.B.2}{\376\377\000M\000a\000t\000r\000i\000z\000\040\000n\000u\000m\000\351\000r\000i\000c\000a\000\040\000d\000e\000\040\000l\000o\000s\000\040\000r\000a\000d\000a\000r\000e\000s\000\040\000\050\000s\000i\000e\000t\000e\000\040\000g\000e\000o\000g\000r\000a\000f\000\355\000a\000s\000\051}{appendix.B}% 42
\BOOKMARK [1][-]{section.B.3}{\376\377\000V\000a\000l\000o\000r\000\040\000d\000e\000l\000\040\000m\000e\000r\000c\000a\000d\000o\000\040\000d\000e\000\040\000s\000e\000r\000v\000i\000c\000i\000o\000s\000\040\000p\000o\000r\000\040\000r\000e\000g\000i\000\363\000n\000\040\000\050\0002\0000\0003\0000\000,\000\040\000b\000a\000s\000e\000\051}{appendix.B}% 43
\BOOKMARK [0][-]{appendix*.33}{\376\377\000R\000e\000f\000e\000r\000e\000n\000c\000i\000a\000s}{}% 44
