\BOOKMARK [0][-]{chapter.1}{\376\377\000R\000e\000s\000u\000m\000e\000n\000\040\000E\000j\000e\000c\000u\000t\000i\000v\000o}{}% 1
\BOOKMARK [1][-]{subsection.1.0.1}{\376\377\000T\000e\000s\000i\000s\000\040\000d\000e\000\040\000I\000n\000v\000e\000r\000s\000i\000\363\000n}{chapter.1}% 2
\BOOKMARK [2][-]{subsection.1.0.2}{\376\377\000H\000a\000l\000l\000a\000z\000g\000o\000s\000\040\000P\000r\000i\000n\000c\000i\000p\000a\000l\000e\000s}{subsection.1.0.1}% 3
\BOOKMARK [2][-]{subsection.1.0.3}{\376\377\000R\000e\000c\000o\000m\000e\000n\000d\000a\000c\000i\000o\000n\000e\000s\000\040\000E\000s\000t\000r\000a\000t\000\351\000g\000i\000c\000a\000s}{subsection.1.0.1}% 4
\BOOKMARK [0][-]{chapter.2}{\376\377\000P\000a\000n\000o\000r\000a\000m\000a\000\040\000d\000e\000l\000\040\000M\000e\000r\000c\000a\000d\000o\000\040\000M\000i\000n\000e\000r\000o}{}% 5
\BOOKMARK [1][-]{subsection.2.0.1}{\376\377\000D\000e\000f\000i\000n\000i\000c\000i\000\363\000n\000\040\000y\000\040\000A\000l\000c\000a\000n\000c\000e}{chapter.2}% 6
\BOOKMARK [2][-]{subsection.2.0.2}{\376\377\000T\000a\000m\000a\000\361\000o\000\040\000y\000\040\000C\000r\000e\000c\000i\000m\000i\000e\000n\000t\000o\000\040\000d\000e\000l\000\040\000M\000e\000r\000c\000a\000d\000o}{subsection.2.0.1}% 7
\BOOKMARK [0][-]{chapter.3}{\376\377\000P\000r\000o\000y\000e\000c\000c\000i\000o\000n\000e\000s\000\040\000d\000e\000\040\000D\000e\000m\000a\000n\000d\000a\000\040\000d\000e\000\040\000M\000i\000n\000e\000r\000a\000l\000e\000s\000\040\000a\000\040\0005\000\040\000A\000\361\000o\000s}{}% 8
\BOOKMARK [1][-]{subsection.3.0.1}{\376\377\000P\000r\000o\000y\000e\000c\000c\000i\000\363\000n\000\040\000d\000e\000\040\000D\000e\000m\000a\000n\000d\000a\000\040\000d\000e\000\040\000C\000o\000b\000r\000e}{chapter.3}% 9
\BOOKMARK [2][-]{subsection.3.0.2}{\376\377\000E\000s\000c\000e\000n\000a\000r\000i\000o\000s\000\040\000d\000e\000\040\000P\000r\000e\000c\000i\000o\000\040\000d\000e\000l\000\040\000C\000o\000b\000r\000e}{subsection.3.0.1}% 10
\BOOKMARK [2][-]{subsection.3.0.3}{\376\377\000I\000m\000p\000l\000i\000c\000a\000c\000i\000o\000n\000e\000s\000\040\000p\000a\000r\000a\000\040\000C\000o\000n\000s\000u\000l\000t\000o\000r\000\355\000a\000\040\000d\000e\000\040\000I\000n\000g\000e\000n\000i\000e\000r\000\355\000a}{subsection.3.0.1}% 11
\BOOKMARK [0][-]{chapter.4}{\376\377\000D\000r\000i\000v\000e\000r\000s\000,\000\040\000T\000e\000n\000d\000e\000n\000c\000i\000a\000s\000\040\000y\000\040\000A\000n\000\341\000l\000i\000s\000i\000s\000\040\000P\000E\000S\000T\000L\000E}{}% 12
\BOOKMARK [1][-]{subsection.4.0.1}{\376\377\000D\000r\000i\000v\000e\000r\000s\000\040\000P\000r\000i\000m\000a\000r\000i\000o\000s\000\040\000d\000e\000\040\000C\000r\000e\000c\000i\000m\000i\000e\000n\000t\000o}{chapter.4}% 13
\BOOKMARK [2][-]{subsection.4.0.2}{\376\377\000A\000n\000\341\000l\000i\000s\000i\000s\000\040\000P\000E\000S\000T\000L\000E}{subsection.4.0.1}% 14
\BOOKMARK [2][-]{subsection.4.0.3}{\376\377\000T\000e\000n\000d\000e\000n\000c\000i\000a\000s\000\040\000E\000m\000e\000r\000g\000e\000n\000t\000e\000s}{subsection.4.0.1}% 15
\BOOKMARK [0][-]{chapter.5}{\376\377\000P\000a\000i\000s\000a\000j\000e\000\040\000C\000o\000m\000p\000e\000t\000i\000t\000i\000v\000o}{}% 16
\BOOKMARK [1][-]{subsection.5.0.1}{\376\377\000A\000n\000\341\000l\000i\000s\000i\000s\000\040\000d\000e\000\040\000E\000s\000t\000r\000u\000c\000t\000u\000r\000a\000\040\000d\000e\000\040\000M\000e\000r\000c\000a\000d\000o}{chapter.5}% 17
\BOOKMARK [2][-]{subsection.5.0.2}{\376\377\000M\000a\000p\000e\000o\000\040\000y\000\040\000C\000o\000m\000p\000a\000r\000a\000c\000i\000\363\000n\000\040\000d\000e\000\040\000C\000o\000m\000p\000e\000t\000i\000d\000o\000r\000e\000s\000\040\000C\000l\000a\000v\000e}{subsection.5.0.1}% 18
\BOOKMARK [2][-]{subsection.5.0.3}{\376\377\000M\000a\000t\000r\000i\000z\000\040\000d\000e\000\040\000P\000o\000s\000i\000c\000i\000o\000n\000a\000m\000i\000e\000n\000t\000o\000\040\000C\000o\000m\000p\000e\000t\000i\000t\000i\000v\000o}{subsection.5.0.1}% 19
\BOOKMARK [0][-]{chapter.6}{\376\377\000A\000n\000\341\000l\000i\000s\000i\000s\000\040\000d\000e\000l\000\040\000C\000l\000i\000e\000n\000t\000e\000\040\000y\000\040\000S\000e\000g\000m\000e\000n\000t\000a\000c\000i\000\363\000n}{}% 20
\BOOKMARK [1][-]{subsection.6.0.1}{\376\377\000S\000e\000g\000m\000e\000n\000t\000a\000c\000i\000\363\000n\000\040\000d\000e\000\040\000C\000l\000i\000e\000n\000t\000e\000s\000\040\000O\000p\000e\000r\000a\000d\000o\000r\000e\000s}{chapter.6}% 21
\BOOKMARK [2][-]{subsection.6.0.2}{\376\377\000P\000r\000o\000p\000u\000e\000s\000t\000a\000\040\000d\000e\000\040\000V\000a\000l\000o\000r\000\040\000d\000e\000\040\000R\000E\000D\000C\000O\000\040\000p\000o\000r\000\040\000S\000e\000g\000m\000e\000n\000t\000o}{subsection.6.0.1}% 22
\BOOKMARK [0][-]{chapter.7}{\376\377\000E\000n\000t\000o\000r\000n\000o\000\040\000d\000e\000\040\000T\000e\000c\000n\000o\000l\000o\000g\000\355\000a\000\040\000e\000\040\000I\000n\000n\000o\000v\000a\000c\000i\000\363\000n}{}% 23
\BOOKMARK [1][-]{subsection.7.0.1}{\376\377\000T\000e\000c\000n\000o\000l\000o\000g\000\355\000a\000s\000\040\000D\000i\000s\000r\000u\000p\000t\000i\000v\000a\000s\000\040\000e\000n\000\040\000M\000i\000n\000e\000r\000\355\000a}{chapter.7}% 24
\BOOKMARK [2][-]{subsection.7.0.2}{\376\377\000I\000m\000p\000l\000i\000c\000a\000c\000i\000o\000n\000e\000s\000\040\000p\000a\000r\000a\000\040\000R\000E\000D\000C\000O}{subsection.7.0.1}% 25
\BOOKMARK [0][-]{chapter.8}{\376\377\000E\000n\000t\000o\000r\000n\000o\000\040\000R\000e\000g\000u\000l\000a\000t\000o\000r\000i\000o\000\040\000y\000\040\000d\000e\000\040\000P\000o\000l\000\355\000t\000i\000c\000a\000s}{}% 26
\BOOKMARK [1][-]{subsection.8.0.1}{\376\377\000R\000e\000g\000u\000l\000a\000c\000i\000o\000n\000e\000s\000\040\000C\000l\000a\000v\000e\000\040\000p\000o\000r\000\040\000G\000e\000o\000g\000r\000a\000f\000\355\000a}{chapter.8}% 27
\BOOKMARK [2][-]{subsection.8.0.2}{\376\377\000C\000u\000m\000p\000l\000i\000m\000i\000e\000n\000t\000o\000\040\000y\000\040\000O\000p\000o\000r\000t\000u\000n\000i\000d\000a\000d\000\040\000e\000n\000\040\000P\000e\000r\000m\000i\000t\000t\000i\000n\000g}{subsection.8.0.1}% 28
\BOOKMARK [0][-]{chapter.9}{\376\377\000A\000n\000\341\000l\000i\000s\000i\000s\000\040\000d\000e\000\040\000R\000i\000e\000s\000g\000o}{}% 29
\BOOKMARK [1][-]{subsection.9.0.1}{\376\377\000I\000d\000e\000n\000t\000i\000f\000i\000c\000a\000c\000i\000\363\000n\000\040\000y\000\040\000M\000i\000t\000i\000g\000a\000c\000i\000\363\000n\000\040\000d\000e\000\040\000R\000i\000e\000s\000g\000o\000s\000\040\000S\000i\000s\000t\000\351\000m\000i\000c\000o\000s}{chapter.9}% 30
\BOOKMARK [0][-]{chapter.10}{\376\377\000O\000p\000o\000r\000t\000u\000n\000i\000d\000a\000d\000e\000s\000\040\000y\000\040\000R\000e\000c\000o\000m\000e\000n\000d\000a\000c\000i\000o\000n\000e\000s\000\040\000E\000s\000t\000r\000a\000t\000\351\000g\000i\000c\000a\000s}{}% 31
\BOOKMARK [1][-]{subsection.10.0.1}{\376\377\000I\000d\000e\000n\000t\000i\000f\000i\000c\000a\000c\000i\000\363\000n\000\040\000d\000e\000\040\000O\000p\000o\000r\000t\000u\000n\000i\000d\000a\000d\000e\000s\000\040\000d\000e\000\040\000A\000l\000t\000o\000\040\000I\000m\000p\000a\000c\000t\000o}{chapter.10}% 32
\BOOKMARK [2][-]{subsection.10.0.2}{\376\377\000M\000a\000r\000c\000o\000\040\000d\000e\000\040\000D\000e\000c\000i\000s\000i\000\363\000n\000:\000\040\000B\000i\000d\000/\000N\000o\000-\000B\000i\000d\000\040\000F\000o\000r\000u\000m}{subsection.10.0.1}% 33
\BOOKMARK [0][-]{chapter.11}{\376\377\000H\000o\000j\000a\000\040\000d\000e\000\040\000R\000u\000t\000a\000\040\000d\000e\000\040\000I\000m\000p\000l\000e\000m\000e\000n\000t\000a\000c\000i\000\363\000n}{}% 34
\BOOKMARK [1][-]{subsection.11.0.1}{\376\377\000F\000a\000s\000e\000s\000\040\000d\000e\000\040\000D\000e\000s\000a\000r\000r\000o\000l\000l\000o\000\040\000E\000s\000t\000r\000a\000t\000\351\000g\000i\000c\000o\000\040\000\050\0002\0000\0002\0006\040\023\0002\0000\0003\0001\000\051}{chapter.11}% 35
\BOOKMARK [0][-]{chapter.12}{\376\377\000T\000e\000s\000i\000s\000\040\000d\000e\000\040\000I\000n\000v\000e\000r\000s\000i\000\363\000n\000\040\000y\000\040\000P\000r\000o\000y\000e\000c\000c\000i\000o\000n\000e\000s\000\040\000F\000i\000n\000a\000n\000c\000i\000e\000r\000a\000s}{}% 36
\BOOKMARK [1][-]{subsection.12.0.1}{\376\377\000A\000n\000\341\000l\000i\000s\000i\000s\000\040\000d\000e\000\040\000E\000s\000c\000e\000n\000a\000r\000i\000o\000s\000\040\000F\000i\000n\000a\000n\000c\000i\000e\000r\000o\000s}{chapter.12}% 37
\BOOKMARK [2][-]{subsection.12.0.2}{\376\377\000C\000o\000n\000c\000l\000u\000s\000i\000\363\000n\000\040\000y\000\040\000T\000e\000s\000i\000s\000\040\000d\000e\000\040\000V\000a\000l\000o\000r}{subsection.12.0.1}% 38
\BOOKMARK [0][-]{appendix.A}{\376\377\000M\000e\000t\000o\000d\000o\000l\000o\000g\000\355\000a\000\040\000e\000\040\000I\000n\000g\000e\000s\000t\000a\000\040\000d\000e\000\040\000D\000a\000t\000o\000s}{}% 39
\BOOKMARK [1][-]{subsection.A.0.1}{\376\377\000M\000e\000t\000o\000d\000o\000l\000o\000g\000\355\000a\000\040\000d\000e\000\040\000A\000n\000\341\000l\000i\000s\000i\000s}{appendix.A}% 40
\BOOKMARK [2][-]{subsection.A.0.2}{\376\377\000F\000u\000e\000n\000t\000e\000s\000\040\000d\000e\000\040\000I\000n\000f\000o\000r\000m\000a\000c\000i\000\363\000n\000\040\000d\000e\000\040\000T\000e\000r\000c\000e\000r\000o\000s}{subsection.A.0.1}% 41
